2026-03-05 18:28:56.312 | INFO     | src.traffic.intersection_simulator:run_from_counts:65 - Starting simulation from provided counts.
2026-03-05 18:28:56.318 | INFO     | src.logging.session_logger:log_cycle:55 - Logged cycle 1 with 4 lanes.
2026-03-05 18:28:56.321 | INFO     | src.logging.session_logger:save_csv:64 - Session data saved to outputs/logs\demo_session.csv
2026-03-05 18:28:58.461 | INFO     | src.visualization.results_plotter:plot_signal_timing_comparison:38 - Signal timing comparison chart saved to outputs/charts/demo_comparison.png
2026-03-05 18:32:36.557 | INFO     | src.detector.vehicle_detector:__init__:21 - VehicleDetector initialized with yolov8n.pt
2026-03-05 18:32:36.557 | INFO     | src.traffic.intersection_simulator:__init__:27 - IntersectionSimulator initialized.
2026-03-05 18:32:36.557 | INFO     | src.traffic.intersection_simulator:run_from_counts:65 - Starting simulation from provided counts.
2026-03-05 18:32:36.560 | INFO     | src.traffic.intersection_simulator:run_from_counts:65 - Starting simulation from provided counts.
2026-03-05 18:32:36.563 | INFO     | src.traffic.intersection_simulator:run_from_counts:65 - Starting simulation from provided counts.
2026-03-05 18:32:36.563 | INFO     | src.traffic.signal_controller:compute_signal_plan:40 - Priority boost applied to North lane (Starved for 2 cycles)
2026-03-05 18:32:36.563 | INFO     | src.traffic.signal_controller:compute_signal_plan:40 - Priority boost applied to South lane (Starved for 2 cycles)
2026-03-05 18:32:36.563 | INFO     | src.traffic.signal_controller:compute_signal_plan:40 - Priority boost applied to East lane (Starved for 2 cycles)
2026-03-05 18:32:36.563 | INFO     | src.traffic.signal_controller:compute_signal_plan:40 - Priority boost applied to West lane (Starved for 2 cycles)
2026-03-05 18:32:36.827 | INFO     | src.visualization.results_plotter:plot_three_scenario_comparison:111 - Performance report chart saved to outputs/charts\three_scenario_comparison.png
2026-03-05 18:32:36.976 | INFO     | src.visualization.results_plotter:plot_signal_timing_comparison:38 - Signal timing comparison chart saved to outputs/charts\signal_timing_comparison.png
2026-03-05 18:32:36.978 | INFO     | src.logging.session_logger:log_cycle:55 - Logged cycle 3 with 4 lanes.
2026-03-05 18:32:36.980 | INFO     | src.logging.session_logger:save_csv:64 - Session data saved to outputs/logs\demo_session.csv
2026-03-05 18:33:04.463 | INFO     | src.detector.vehicle_detector:__init__:21 - VehicleDetector initialized with yolov8n.pt
2026-03-05 18:33:04.463 | INFO     | src.traffic.intersection_simulator:__init__:27 - IntersectionSimulator initialized.
2026-03-05 18:33:04.464 | INFO     | src.traffic.intersection_simulator:run_from_counts:65 - Starting simulation from provided counts.
2026-03-05 18:33:04.467 | INFO     | src.traffic.intersection_simulator:run_from_counts:65 - Starting simulation from provided counts.
2026-03-05 18:33:04.471 | INFO     | src.traffic.intersection_simulator:run_from_counts:65 - Starting simulation from provided counts.
2026-03-05 18:33:04.471 | INFO     | src.traffic.signal_controller:compute_signal_plan:40 - Priority boost applied to North lane (Starved for 2 cycles)
2026-03-05 18:33:04.472 | INFO     | src.traffic.signal_controller:compute_signal_plan:40 - Priority boost applied to South lane (Starved for 2 cycles)
2026-03-05 18:33:04.472 | INFO     | src.traffic.signal_controller:compute_signal_plan:40 - Priority boost applied to East lane (Starved for 2 cycles)
2026-03-05 18:33:04.472 | INFO     | src.traffic.signal_controller:compute_signal_plan:40 - Priority boost applied to West lane (Starved for 2 cycles)
2026-03-05 18:33:04.738 | INFO     | src.visualization.results_plotter:plot_three_scenario_comparison:111 - Performance report chart saved to outputs/charts\three_scenario_comparison.png
2026-03-05 18:33:04.888 | INFO     | src.visualization.results_plotter:plot_signal_timing_comparison:38 - Signal timing comparison chart saved to outputs/charts\signal_timing_comparison.png
2026-03-05 18:33:04.889 | INFO     | src.logging.session_logger:log_cycle:55 - Logged cycle 3 with 4 lanes.
2026-03-05 18:33:04.892 | INFO     | src.logging.session_logger:save_csv:64 - Session data saved to outputs/logs\demo_session.csv
2026-03-05 19:39:13.649 | INFO     | src.detector.vehicle_detector:_load_model:77 - Loaded model: yolov8s.pt
2026-03-05 19:39:13.650 | INFO     | src.detector.vehicle_detector:__init__:69 - VehicleDetector ready | conf=0.25 | tracking=True
2026-03-05 19:40:20.398 | INFO     | src.detector.vehicle_detector:_load_model:77 - Loaded model: yolov8s.pt
2026-03-05 19:40:20.399 | INFO     | src.detector.vehicle_detector:__init__:69 - VehicleDetector ready | conf=0.25 | tracking=True
2026-03-05 19:42:17.527 | INFO     | src.detector.vehicle_detector:_load_model:77 - Loaded model: yolov8s.pt
2026-03-05 19:42:17.527 | INFO     | src.detector.vehicle_detector:__init__:69 - VehicleDetector ready | conf=0.25 | tracking=True
2026-03-05 19:52:22.492 | INFO     | src.detector.vehicle_detector:_load_model:77 - Loaded model: yolov8s.pt
2026-03-05 19:52:22.493 | INFO     | src.detector.vehicle_detector:__init__:69 - VehicleDetector ready | conf=0.25 | tracking=True
2026-03-05 19:52:53.222 | INFO     | src.detector.vehicle_detector:_load_model:77 - Loaded model: yolov8s.pt
2026-03-05 19:52:53.226 | INFO     | src.detector.vehicle_detector:__init__:69 - VehicleDetector ready | conf=0.25 | tracking=True
2026-03-05 20:18:38.289 | INFO     | src.detector.vehicle_detector:_load_model:77 - Loaded model: yolov8s.pt
2026-03-05 20:18:38.290 | INFO     | src.detector.vehicle_detector:__init__:69 - VehicleDetector ready | conf=0.25 | tracking=True
2026-03-05 20:18:38.314 | INFO     | src.detector.vehicle_detector:process_video:257 - Processing 377 frames from D:\Prj\Trafic_Optimesr\north.mp4
2026-03-05 20:18:56.765 | INFO     | src.detector.vehicle_detector:process_video:293 - Final counts: {'car': 3, 'motorcycle': 0, 'bus': 0, 'truck': 0} | Total: 3
2026-03-05 20:18:56.780 | INFO     | src.detector.vehicle_detector:process_video:257 - Processing 647 frames from D:\Prj\Trafic_Optimesr\south.mp4
2026-03-05 20:19:35.525 | INFO     | src.detector.vehicle_detector:process_video:293 - Final counts: {'car': 3, 'motorcycle': 0, 'bus': 0, 'truck': 0} | Total: 3
2026-03-05 20:19:35.539 | INFO     | src.detector.vehicle_detector:process_video:257 - Processing 377 frames from D:\Prj\Trafic_Optimesr\east.mp4
2026-03-05 20:19:55.399 | INFO     | src.detector.vehicle_detector:process_video:293 - Final counts: {'car': 3, 'motorcycle': 0, 'bus': 0, 'truck': 0} | Total: 3
2026-03-05 20:19:55.409 | INFO     | src.detector.vehicle_detector:process_video:257 - Processing 647 frames from D:\Prj\Trafic_Optimesr\west.mp4
2026-03-05 20:20:33.127 | INFO     | src.detector.vehicle_detector:process_video:293 - Final counts: {'car': 3, 'motorcycle': 0, 'bus': 0, 'truck': 0} | Total: 3
2026-03-05 20:20:33.129 | INFO     | src.traffic.intersection_simulator:run_from_counts:65 - Starting simulation from provided counts.
2026-03-05 20:20:33.138 | INFO     | src.logging.session_logger:log_cycle:55 - Logged cycle 1 with 4 lanes.
2026-03-05 20:20:33.141 | INFO     | src.logging.session_logger:save_csv:64 - Session data saved to outputs/logs\session_log.csv
